mode: atomic
github.com/akash-panda-dev/advent-of-code/2015/day1/main.go:10.13,16.16 4 0
github.com/akash-panda-dev/advent-of-code/2015/day1/main.go:16.16,18.3 1 0
github.com/akash-panda-dev/advent-of-code/2015/day1/main.go:20.2,20.15 1 0
github.com/akash-panda-dev/advent-of-code/2015/day1/main.go:21.9,23.46 2 0
github.com/akash-panda-dev/advent-of-code/2015/day1/main.go:24.9,26.71 2 0
github.com/akash-panda-dev/advent-of-code/2015/day1/main.go:31.37,34.36 2 1
github.com/akash-panda-dev/advent-of-code/2015/day1/main.go:34.36,35.15 1 4
github.com/akash-panda-dev/advent-of-code/2015/day1/main.go:36.12,37.14 1 2
github.com/akash-panda-dev/advent-of-code/2015/day1/main.go:38.12,39.14 1 2
github.com/akash-panda-dev/advent-of-code/2015/day1/main.go:43.2,43.14 1 1
github.com/akash-panda-dev/advent-of-code/2015/day1/main.go:46.37,50.43 3 1
github.com/akash-panda-dev/advent-of-code/2015/day1/main.go:50.43,51.15 1 5
github.com/akash-panda-dev/advent-of-code/2015/day1/main.go:52.12,53.14 1 2
github.com/akash-panda-dev/advent-of-code/2015/day1/main.go:54.12,55.14 1 3
github.com/akash-panda-dev/advent-of-code/2015/day1/main.go:58.3,58.29 1 5
github.com/akash-panda-dev/advent-of-code/2015/day1/main.go:58.29,60.4 1 1
github.com/akash-panda-dev/advent-of-code/2015/day1/main.go:63.2,63.92 1 0
github.com/akash-panda-dev/advent-of-code/2023/day1/main.go:11.13,14.16 2 0
github.com/akash-panda-dev/advent-of-code/2023/day1/main.go:14.16,16.3 1 0
github.com/akash-panda-dev/advent-of-code/2023/day1/main.go:18.2,21.16 3 0
github.com/akash-panda-dev/advent-of-code/2023/day1/main.go:21.16,23.3 1 0
github.com/akash-panda-dev/advent-of-code/2023/day1/main.go:25.2,25.44 1 0
github.com/akash-panda-dev/advent-of-code/2023/day1/main.go:40.56,46.30 4 28
github.com/akash-panda-dev/advent-of-code/2023/day1/main.go:46.30,48.18 2 504
github.com/akash-panda-dev/advent-of-code/2023/day1/main.go:48.18,50.4 1 324
github.com/akash-panda-dev/advent-of-code/2023/day1/main.go:50.9,52.4 1 180
github.com/akash-panda-dev/advent-of-code/2023/day1/main.go:54.3,54.98 1 504
github.com/akash-panda-dev/advent-of-code/2023/day1/main.go:54.98,57.4 2 55
github.com/akash-panda-dev/advent-of-code/2023/day1/main.go:60.2,60.36 1 28
github.com/akash-panda-dev/advent-of-code/2023/day1/main.go:60.36,62.3 1 20
github.com/akash-panda-dev/advent-of-code/2023/day1/main.go:64.2,64.15 1 28
github.com/akash-panda-dev/advent-of-code/2023/day1/main.go:67.56,70.35 2 1
github.com/akash-panda-dev/advent-of-code/2023/day1/main.go:70.35,76.17 4 10
github.com/akash-panda-dev/advent-of-code/2023/day1/main.go:76.17,78.4 1 0
github.com/akash-panda-dev/advent-of-code/2023/day1/main.go:80.3,80.21 1 10
github.com/akash-panda-dev/advent-of-code/2023/day1/main.go:83.2,83.19 1 1
github.com/akash-panda-dev/advent-of-code/2023/day2/main.go:17.13,20.16 2 0
github.com/akash-panda-dev/advent-of-code/2023/day2/main.go:20.16,22.3 1 0
github.com/akash-panda-dev/advent-of-code/2023/day2/main.go:24.2,26.91 2 0
github.com/akash-panda-dev/advent-of-code/2023/day2/main.go:35.24,36.11 1 42
github.com/akash-panda-dev/advent-of-code/2023/day2/main.go:36.11,38.3 1 14
github.com/akash-panda-dev/advent-of-code/2023/day2/main.go:40.2,40.10 1 28
github.com/akash-panda-dev/advent-of-code/2023/day2/main.go:43.68,49.2 4 14
github.com/akash-panda-dev/advent-of-code/2023/day2/main.go:51.40,53.2 1 5
github.com/akash-panda-dev/advent-of-code/2023/day2/main.go:56.41,60.40 3 14
github.com/akash-panda-dev/advent-of-code/2023/day2/main.go:60.40,65.17 3 35
github.com/akash-panda-dev/advent-of-code/2023/day2/main.go:65.17,67.4 1 0
github.com/akash-panda-dev/advent-of-code/2023/day2/main.go:69.3,69.27 1 35
github.com/akash-panda-dev/advent-of-code/2023/day2/main.go:70.14,71.36 1 11
github.com/akash-panda-dev/advent-of-code/2023/day2/main.go:72.16,73.38 1 13
github.com/akash-panda-dev/advent-of-code/2023/day2/main.go:74.15,75.37 1 11
github.com/akash-panda-dev/advent-of-code/2023/day2/main.go:79.2,79.22 1 14
github.com/akash-panda-dev/advent-of-code/2023/day2/main.go:82.47,83.83 1 5
github.com/akash-panda-dev/advent-of-code/2023/day2/main.go:83.83,85.3 1 2
github.com/akash-panda-dev/advent-of-code/2023/day2/main.go:87.2,87.13 1 3
github.com/akash-panda-dev/advent-of-code/2023/day2/main.go:90.46,94.35 3 1
github.com/akash-panda-dev/advent-of-code/2023/day2/main.go:94.35,106.36 4 5
github.com/akash-panda-dev/advent-of-code/2023/day2/main.go:106.36,108.4 1 14
github.com/akash-panda-dev/advent-of-code/2023/day2/main.go:110.3,110.34 1 5
github.com/akash-panda-dev/advent-of-code/2023/day2/main.go:110.34,112.4 1 3
github.com/akash-panda-dev/advent-of-code/2023/day2/main.go:114.3,114.41 1 5
github.com/akash-panda-dev/advent-of-code/2023/day2/main.go:117.2,117.40 1 1
github.com/akash-panda-dev/advent-of-code/2023/day3/main.go:23.13,26.16 2 0
github.com/akash-panda-dev/advent-of-code/2023/day3/main.go:26.16,28.3 1 0
github.com/akash-panda-dev/advent-of-code/2023/day3/main.go:30.2,37.62 4 0
github.com/akash-panda-dev/advent-of-code/2023/day3/main.go:40.32,42.2 1 100
github.com/akash-panda-dev/advent-of-code/2023/day3/main.go:44.61,48.42 3 8
github.com/akash-panda-dev/advent-of-code/2023/day3/main.go:48.42,49.47 1 16
github.com/akash-panda-dev/advent-of-code/2023/day3/main.go:49.47,50.9 1 6
github.com/akash-panda-dev/advent-of-code/2023/day3/main.go:52.3,52.12 1 10
github.com/akash-panda-dev/advent-of-code/2023/day3/main.go:55.2,55.61 1 8
github.com/akash-panda-dev/advent-of-code/2023/day3/main.go:55.61,56.47 1 13
github.com/akash-panda-dev/advent-of-code/2023/day3/main.go:56.47,57.9 1 8
github.com/akash-panda-dev/advent-of-code/2023/day3/main.go:59.3,59.13 1 5
github.com/akash-panda-dev/advent-of-code/2023/day3/main.go:62.2,63.16 2 8
github.com/akash-panda-dev/advent-of-code/2023/day3/main.go:63.16,65.3 1 0
github.com/akash-panda-dev/advent-of-code/2023/day3/main.go:67.2,70.18 3 8
github.com/akash-panda-dev/advent-of-code/2023/day3/main.go:74.55,79.24 4 6
github.com/akash-panda-dev/advent-of-code/2023/day3/main.go:79.24,85.106 2 48
github.com/akash-panda-dev/advent-of-code/2023/day3/main.go:85.106,87.64 1 48
github.com/akash-panda-dev/advent-of-code/2023/day3/main.go:87.64,89.5 1 8
github.com/akash-panda-dev/advent-of-code/2023/day3/main.go:93.2,93.30 1 6
github.com/akash-panda-dev/advent-of-code/2023/day3/main.go:93.30,95.3 1 8
github.com/akash-panda-dev/advent-of-code/2023/day3/main.go:97.2,97.81 1 6
github.com/akash-panda-dev/advent-of-code/2023/day3/main.go:97.81,99.3 1 2
github.com/akash-panda-dev/advent-of-code/2023/day3/main.go:102.39,107.34 3 1
github.com/akash-panda-dev/advent-of-code/2023/day3/main.go:107.34,109.35 1 10
github.com/akash-panda-dev/advent-of-code/2023/day3/main.go:109.35,113.40 1 100
github.com/akash-panda-dev/advent-of-code/2023/day3/main.go:113.40,119.5 1 6
github.com/akash-panda-dev/advent-of-code/2023/day4/main.go:12.13,15.16 2 0
github.com/akash-panda-dev/advent-of-code/2023/day4/main.go:15.16,17.3 1 0
github.com/akash-panda-dev/advent-of-code/2023/day4/main.go:19.2,22.64 3 0
github.com/akash-panda-dev/advent-of-code/2023/day4/main.go:25.51,29.30 3 12
github.com/akash-panda-dev/advent-of-code/2023/day4/main.go:29.30,32.17 2 78
github.com/akash-panda-dev/advent-of-code/2023/day4/main.go:32.17,34.4 1 0
github.com/akash-panda-dev/advent-of-code/2023/day4/main.go:35.3,35.36 1 78
github.com/akash-panda-dev/advent-of-code/2023/day4/main.go:38.2,38.26 1 12
github.com/akash-panda-dev/advent-of-code/2023/day4/main.go:41.44,44.27 2 12
github.com/akash-panda-dev/advent-of-code/2023/day4/main.go:44.27,46.3 1 78
github.com/akash-panda-dev/advent-of-code/2023/day4/main.go:48.2,48.15 1 12
github.com/akash-panda-dev/advent-of-code/2023/day4/main.go:51.86,54.35 2 6
github.com/akash-panda-dev/advent-of-code/2023/day4/main.go:54.35,55.39 1 48
github.com/akash-panda-dev/advent-of-code/2023/day4/main.go:55.39,57.4 1 9
github.com/akash-panda-dev/advent-of-code/2023/day4/main.go:60.2,60.70 1 6
github.com/akash-panda-dev/advent-of-code/2023/day4/main.go:63.46,68.35 4 1
github.com/akash-panda-dev/advent-of-code/2023/day4/main.go:68.35,70.3 1 6
github.com/akash-panda-dev/advent-of-code/2023/day4/main.go:72.2,72.35 1 1
github.com/akash-panda-dev/advent-of-code/2023/day4/main.go:72.35,82.41 7 6
github.com/akash-panda-dev/advent-of-code/2023/day4/main.go:82.41,85.39 2 30
github.com/akash-panda-dev/advent-of-code/2023/day4/main.go:85.39,87.5 1 24
github.com/akash-panda-dev/advent-of-code/2023/day4/main.go:88.4,88.28 1 30
github.com/akash-panda-dev/advent-of-code/2023/day4/main.go:92.2,92.41 1 1
github.com/akash-panda-dev/advent-of-code/2023/day6/main.go:46.13,49.16 2 0
github.com/akash-panda-dev/advent-of-code/2023/day6/main.go:49.16,51.3 1 0
github.com/akash-panda-dev/advent-of-code/2023/day6/main.go:53.2,57.53 4 0
github.com/akash-panda-dev/advent-of-code/2023/day6/main.go:66.31,69.16 2 6
github.com/akash-panda-dev/advent-of-code/2023/day6/main.go:69.16,71.3 1 0
github.com/akash-panda-dev/advent-of-code/2023/day6/main.go:73.2,73.12 1 6
github.com/akash-panda-dev/advent-of-code/2023/day6/main.go:76.68,81.42 4 1
github.com/akash-panda-dev/advent-of-code/2023/day6/main.go:81.42,86.3 1 3
github.com/akash-panda-dev/advent-of-code/2023/day6/main.go:88.2,88.19 1 1
github.com/akash-panda-dev/advent-of-code/2023/day6/main.go:91.64,102.2 5 0
github.com/akash-panda-dev/advent-of-code/2023/day6/main.go:104.77,106.22 2 1
github.com/akash-panda-dev/advent-of-code/2023/day6/main.go:106.22,108.3 1 1
github.com/akash-panda-dev/advent-of-code/2023/day6/main.go:108.8,110.3 1 0
github.com/akash-panda-dev/advent-of-code/2023/day6/main.go:112.2,114.32 2 1
github.com/akash-panda-dev/advent-of-code/2023/day6/main.go:114.32,125.3 8 3
github.com/akash-panda-dev/advent-of-code/2023/day6/main.go:127.2,127.15 1 1
github.com/akash-panda-dev/advent-of-code/2023/day7/main.go:49.13,52.16 2 0
github.com/akash-panda-dev/advent-of-code/2023/day7/main.go:52.16,54.3 1 0
github.com/akash-panda-dev/advent-of-code/2023/day7/main.go:56.2,58.55 2 0
github.com/akash-panda-dev/advent-of-code/2023/day7/main.go:61.31,64.16 2 5
github.com/akash-panda-dev/advent-of-code/2023/day7/main.go:64.16,66.3 1 0
github.com/akash-panda-dev/advent-of-code/2023/day7/main.go:68.2,68.12 1 5
github.com/akash-panda-dev/advent-of-code/2023/day7/main.go:90.55,96.34 4 30
github.com/akash-panda-dev/advent-of-code/2023/day7/main.go:96.34,97.18 1 150
github.com/akash-panda-dev/advent-of-code/2023/day7/main.go:97.18,99.4 1 36
github.com/akash-panda-dev/advent-of-code/2023/day7/main.go:99.9,101.4 1 114
github.com/akash-panda-dev/advent-of-code/2023/day7/main.go:104.2,104.21 1 30
github.com/akash-panda-dev/advent-of-code/2023/day7/main.go:104.21,107.3 2 0
github.com/akash-panda-dev/advent-of-code/2023/day7/main.go:109.2,112.46 3 30
github.com/akash-panda-dev/advent-of-code/2023/day7/main.go:112.46,113.27 1 74
github.com/akash-panda-dev/advent-of-code/2023/day7/main.go:113.27,116.4 2 40
github.com/akash-panda-dev/advent-of-code/2023/day7/main.go:119.2,121.39 2 30
github.com/akash-panda-dev/advent-of-code/2023/day7/main.go:121.39,123.3 1 74
github.com/akash-panda-dev/advent-of-code/2023/day7/main.go:125.2,125.19 1 30
github.com/akash-panda-dev/advent-of-code/2023/day7/main.go:128.41,131.9 2 30
github.com/akash-panda-dev/advent-of-code/2023/day7/main.go:132.26,133.21 1 4
github.com/akash-panda-dev/advent-of-code/2023/day7/main.go:134.26,135.21 1 11
github.com/akash-panda-dev/advent-of-code/2023/day7/main.go:136.48,137.19 1 3
github.com/akash-panda-dev/advent-of-code/2023/day7/main.go:138.26,139.22 1 5
github.com/akash-panda-dev/advent-of-code/2023/day7/main.go:140.26,141.17 1 2
github.com/akash-panda-dev/advent-of-code/2023/day7/main.go:142.26,143.14 1 4
github.com/akash-panda-dev/advent-of-code/2023/day7/main.go:144.10,145.18 1 1
github.com/akash-panda-dev/advent-of-code/2023/day7/main.go:149.50,150.9 1 6
github.com/akash-panda-dev/advent-of-code/2023/day7/main.go:151.39,152.14 1 1
github.com/akash-panda-dev/advent-of-code/2023/day7/main.go:153.39,154.15 1 2
github.com/akash-panda-dev/advent-of-code/2023/day7/main.go:155.40,156.44 1 3
github.com/akash-panda-dev/advent-of-code/2023/day7/main.go:156.44,157.11 1 3
github.com/akash-panda-dev/advent-of-code/2023/day7/main.go:158.77,159.16 1 1
github.com/akash-panda-dev/advent-of-code/2023/day7/main.go:160.77,161.17 1 2
github.com/akash-panda-dev/advent-of-code/2023/day7/main.go:166.2,166.14 1 0
github.com/akash-panda-dev/advent-of-code/2023/day7/main.go:169.30,170.40 1 1
github.com/akash-panda-dev/advent-of-code/2023/day7/main.go:170.40,172.3 1 6
github.com/akash-panda-dev/advent-of-code/2023/day7/main.go:175.39,180.29 3 1
github.com/akash-panda-dev/advent-of-code/2023/day7/main.go:180.29,187.3 2 5
github.com/akash-panda-dev/advent-of-code/2023/day7/main.go:189.2,191.32 2 1
github.com/akash-panda-dev/advent-of-code/2023/day7/main.go:191.32,193.3 1 5
github.com/akash-panda-dev/advent-of-code/2023/day7/main.go:195.2,195.22 1 1
